<?xml version="1.0" encoding="UTF-8"?>
<!-- Generated by org.testng.reporters.JUnitReportReporter -->
<testsuite hostname="Personal" failures="0" tests="1" name="Runner.TestRunner" time="14.145" errors="0" timestamp="2025-08-11T13:39:15 IST" skipped="0">
  <testcase classname="Runner.TestRunner" name="runScenario" time="14.145"/>
</testsuite> <!-- Runner.TestRunner -->
